{
  "RSpec": {
    "coverage": {
      "/home/mach/Workspace/lazywake/spec/command/default_spec.rb": [
        null,
        1,
        5,
        null,
        5,
        null,
        1,
        1,
        2,
        3,
        null,
        null,
        null,
        1,
        2,
        null,
        1,
        1,
        null,
        null,
        null,
        1,
        null,
        null,
        1,
        1,
        null,
        null,
        null,
        1,
        2,
        null,
        1,
        1,
        null,
        null,
        null,
        null,
        1,
        1,
        1,
        1,
        2,
        1,
        null,
        null,
        1,
        1,
        null,
        null,
        null,
        null,
        1,
        1,
        1,
        1,
        1,
        1,
        null,
        null,
        null,
        1,
        1,
        null,
        null,
        null
      ],
      "/home/mach/Workspace/lazywake/lib/lazywake/command.rb": [
        null,
        1,
        1,
        1,
        1,
        null,
        1,
        1,
        null,
        1,
        null,
        null
      ],
      "/home/mach/Workspace/lazywake/lib/lazywake/command/dsl.rb": [
        null,
        1,
        1,
        1,
        1,
        2,
        null,
        null,
        1,
        null,
        1,
        null,
        null,
        null,
        null,
        null,
        1,
        null,
        2,
        1,
        null,
        2,
        null,
        null,
        null,
        1,
        0,
        null,
        null,
        1,
        2,
        null,
        null,
        2,
        2,
        null,
        null,
        1,
        0,
        0,
        null,
        null,
        1,
        2,
        2,
        null,
        null,
        1,
        0,
        null,
        null,
        null,
        null
      ],
      "/home/mach/Workspace/lazywake/lib/lazywake/command/default.rb": [
        null,
        null,
        1,
        1,
        1,
        1,
        null,
        null,
        null,
        10,
        null,
        null,
        1,
        6,
        null,
        null,
        1,
        2,
        2,
        null,
        null,
        1,
        null,
        1,
        null,
        1,
        1,
        1,
        0,
        0,
        null,
        null,
        null,
        1,
        2,
        2,
        2,
        null,
        null,
        1,
        null,
        1,
        null,
        null,
        1,
        1,
        null,
        null,
        1,
        1,
        1,
        null,
        null,
        null,
        null
      ],
      "/home/mach/Workspace/lazywake/spec/command/dsl_spec.rb": [
        null,
        1,
        1,
        1,
        2,
        2,
        null,
        null,
        null,
        1,
        2,
        2,
        null,
        null,
        3,
        3,
        null,
        1,
        1,
        2,
        null,
        null,
        1,
        1,
        null,
        null,
        null,
        null
      ],
      "/home/mach/Workspace/lazywake/spec/config/schema_spec.rb": [
        null,
        1,
        1,
        1,
        null,
        null,
        null,
        null,
        null,
        1,
        null,
        null,
        1,
        null,
        null,
        null,
        null,
        null,
        null,
        1,
        null,
        null,
        1,
        2,
        null,
        null,
        1,
        2,
        null,
        null,
        null,
        null
      ],
      "/home/mach/Workspace/lazywake/lib/lazywake/config.rb": [
        null,
        1,
        null,
        1,
        1,
        1,
        null,
        1,
        1,
        null,
        1,
        4,
        null,
        null,
        1,
        6,
        6,
        null,
        null,
        null,
        null
      ],
      "/home/mach/Workspace/lazywake/lib/lazywake/config/wrapper.rb": [
        null,
        1,
        null,
        1,
        1,
        null,
        1,
        1,
        null,
        1,
        7,
        6,
        null,
        6,
        6,
        5,
        5,
        null,
        1,
        6,
        null,
        null,
        null,
        1,
        3,
        4,
        null,
        null,
        null,
        1,
        4,
        null,
        null,
        null,
        null,
        null
      ],
      "/home/mach/Workspace/lazywake/lib/lazywake/config/schema.rb": [
        null,
        1,
        1,
        1,
        1,
        1,
        null,
        1,
        null,
        1,
        null,
        1,
        null,
        null,
        null,
        null,
        null,
        1,
        8,
        null,
        null,
        1,
        null,
        null,
        10,
        29,
        null,
        null,
        null,
        null,
        1,
        10,
        1,
        null,
        null,
        10,
        null,
        null,
        1,
        0,
        null,
        null,
        null,
        null
      ],
      "/home/mach/Workspace/lazywake/lib/lazywake/config/schema/validators.rb": [
        null,
        1,
        1,
        1,
        1,
        1,
        null,
        1,
        10,
        9,
        null,
        9,
        12,
        null,
        null,
        9,
        null,
        1,
        1,
        null,
        null,
        null,
        null
      ],
      "/home/mach/Workspace/lazywake/spec/config/wrapper_spec.rb": [
        null,
        1,
        null,
        1,
        1,
        null,
        null,
        null,
        null,
        null,
        3,
        null,
        null,
        5,
        null,
        1,
        4,
        4,
        null,
        null,
        1,
        2,
        null,
        1,
        1,
        1,
        1,
        null,
        null,
        1,
        1,
        null,
        2,
        null,
        1,
        null,
        null,
        null,
        1,
        1,
        2,
        2,
        null,
        null,
        1,
        1,
        null,
        1,
        null,
        null,
        1,
        null,
        null,
        1,
        null,
        1,
        2,
        null,
        null,
        null,
        null
      ],
      "/home/mach/Workspace/lazywake/spec/config_spec.rb": [
        null,
        1,
        1,
        null,
        null,
        null,
        null,
        null,
        2,
        null,
        null,
        3,
        null,
        1,
        2,
        2,
        null,
        null,
        1,
        1,
        1,
        1,
        null,
        null,
        null,
        1,
        1,
        1,
        1,
        1,
        null,
        null,
        null,
        1,
        null,
        null,
        1,
        null,
        null,
        null
      ],
      "/home/mach/Workspace/lazywake/spec/lazywake_spec.rb": [
        null,
        1,
        1,
        null,
        1,
        1,
        1,
        null,
        null
      ],
      "/home/mach/Workspace/lazywake/spec/network/arp/arp_spec.rb": [
        null,
        1,
        1,
        2,
        null,
        null,
        null,
        null,
        null,
        1,
        2,
        null,
        1,
        1,
        null,
        null,
        null,
        null,
        1,
        1,
        1,
        null,
        null,
        null,
        null,
        null,
        null,
        null,
        null,
        null
      ],
      "/home/mach/Workspace/lazywake/lib/lazywake/network.rb": [
        null,
        1,
        1,
        1,
        null,
        1,
        1,
        null,
        null
      ],
      "/home/mach/Workspace/lazywake/lib/lazywake/network/arp.rb": [
        null,
        1,
        1,
        1,
        null,
        1,
        null,
        null,
        1,
        1,
        1,
        null,
        null,
        1,
        2,
        2,
        4,
        4,
        null,
        null,
        null,
        null,
        1,
        8,
        null,
        null,
        null,
        null,
        null
      ],
      "/home/mach/Workspace/lazywake/spec/network/arp/magic_packet_spec.rb": [
        null,
        1,
        8,
        null,
        1,
        2,
        2,
        null,
        1,
        1,
        null,
        null,
        null,
        null,
        1,
        1,
        null,
        null,
        null,
        1,
        2,
        null,
        1,
        1,
        null,
        null,
        null,
        null,
        null,
        1,
        1,
        1,
        null,
        null,
        null,
        null,
        null,
        null,
        null,
        1,
        1,
        1,
        null,
        null,
        null,
        null,
        null,
        null,
        null,
        null,
        1,
        1,
        null,
        null,
        null,
        1,
        2,
        null,
        1,
        1,
        null,
        1,
        null,
        null,
        null,
        1,
        1,
        null,
        null,
        null,
        null,
        null,
        1,
        null,
        null,
        null,
        1,
        1,
        3,
        3,
        null,
        1,
        1,
        null,
        null,
        1,
        1,
        1,
        null,
        1,
        112,
        null,
        null,
        null,
        null,
        null
      ],
      "/home/mach/Workspace/lazywake/lib/lazywake/network/magic_packet.rb": [
        null,
        1,
        null,
        1,
        1,
        1,
        1,
        7,
        null,
        null,
        1,
        1,
        null,
        null,
        null,
        1,
        null,
        1,
        null,
        null,
        null,
        null,
        null,
        null,
        null,
        1,
        null,
        1,
        null,
        1,
        231,
        null,
        null,
        1,
        null,
        null,
        null,
        2,
        null,
        null,
        1,
        2,
        2,
        34,
        null,
        2,
        null,
        null,
        1,
        null,
        1,
        3,
        null,
        null,
        null,
        null
      ]
    },
    "timestamp": 1489524921
  }
}
